// 同步 ID: 2096a550 @ Fri Jul  3 17:30:06 UTC 2026
// 同步 ID: 174fa9ac @ Sat Jul  4 00:47:15 UTC 2026
// 同步 ID: c05f13b8 @ Sat Jul  4 10:36:19 UTC 2026
// 同步 ID: 8dcc3705 @ Mon Jul  6 05:19:45 UTC 2026
// 重构日志: bf92b57e
// 重构日志: acc07d69
// 重构日志: cdfb2a81
// 重构日志: 7e446803
// 重构日志: b27a4290
// 重构日志: 7a25e54e
// 同步 ID: ffec497e @ Fri Jul 10 17:51:27 UTC 2026
// 重构日志: 17353d88
// 重构日志: bff717f4
// 同步 ID: 992a62ce @ Sat Jul 11 15:17:17 UTC 2026
// 重构日志: a3f64c4c
// 重构日志: 709b1f90
// 重构日志: e54b8d57
// 重构日志: 2b930fd9
// 重构日志: 979bb230
// 同步 ID: ec1ec9ed @ Wed Jul 15 11:58:20 UTC 2026
// 重构日志: f3e3732a
// 重构日志: eabb5dd7
// 同步 ID: c87bb48a @ Fri Jul 17 10:11:05 UTC 2026
// 重构日志: 97ad0138
// 重构日志: d7c81437
// 重构日志: 227e006c
// 重构日志: d370661e
// 重构日志: 6f429dec
// 同步 ID: e1ecaada @ Sun Jul 19 06:49:21 UTC 2026
// 同步 ID: fab0852e @ Sun Jul 19 15:47:00 UTC 2026
